[ 2017-10-26T09:18:51+08:00 ] ::1 /index.php/home
INFO: [ app_init ] --START--
INFO: Run Behavior\BuildLiteBehavior [ RunTime:0.001000s ]
INFO: [ app_init ] --END-- [ RunTime:0.002000s ]
NOTIC: [2] include_once(../Upload.class.php) [<a href='function.include-once'>function.include-once</a>]: failed to open stream: No such file or directory E:\jnjusheng\Application\Common\Common\function.php 第 3 行.
NOTIC: [2] include_once() [<a href='function.include'>function.include</a>]: Failed opening '../Upload.class.php' for inclusion (include_path='.;C:\php\pear') E:\jnjusheng\Application\Common\Common\function.php 第 3 行.

[ 2017-10-26T09:18:52+08:00 ] ::1 /index.php/home
INFO: [ app_init ] --START--
INFO: Run Behavior\BuildLiteBehavior [ RunTime:0.001000s ]
INFO: [ app_init ] --END-- [ RunTime:0.001000s ]
NOTIC: [2] include_once(../Upload.class.php) [<a href='function.include-once'>function.include-once</a>]: failed to open stream: No such file or directory E:\jnjusheng\Application\Common\Common\function.php 第 3 行.
NOTIC: [2] include_once() [<a href='function.include'>function.include</a>]: Failed opening '../Upload.class.php' for inclusion (include_path='.;C:\php\pear') E:\jnjusheng\Application\Common\Common\function.php 第 3 行.

[ 2017-10-26T09:18:52+08:00 ] ::1 /index.php/home
INFO: [ app_init ] --START--
INFO: Run Behavior\BuildLiteBehavior [ RunTime:0.000000s ]
INFO: [ app_init ] --END-- [ RunTime:0.000000s ]
NOTIC: [2] include_once(../Upload.class.php) [<a href='function.include-once'>function.include-once</a>]: failed to open stream: No such file or directory E:\jnjusheng\Application\Common\Common\function.php 第 3 行.
NOTIC: [2] include_once() [<a href='function.include'>function.include</a>]: Failed opening '../Upload.class.php' for inclusion (include_path='.;C:\php\pear') E:\jnjusheng\Application\Common\Common\function.php 第 3 行.

[ 2017-10-26T09:18:53+08:00 ] ::1 /index.php/home
INFO: [ app_init ] --START--
INFO: Run Behavior\BuildLiteBehavior [ RunTime:0.000000s ]
INFO: [ app_init ] --END-- [ RunTime:0.002000s ]
NOTIC: [2] include_once(../Upload.class.php) [<a href='function.include-once'>function.include-once</a>]: failed to open stream: No such file or directory E:\jnjusheng\Application\Common\Common\function.php 第 3 行.
NOTIC: [2] include_once() [<a href='function.include'>function.include</a>]: Failed opening '../Upload.class.php' for inclusion (include_path='.;C:\php\pear') E:\jnjusheng\Application\Common\Common\function.php 第 3 行.

[ 2017-10-26T09:18:53+08:00 ] ::1 /index.php/home
INFO: [ app_init ] --START--
INFO: Run Behavior\BuildLiteBehavior [ RunTime:0.000000s ]
INFO: [ app_init ] --END-- [ RunTime:0.001000s ]
NOTIC: [2] include_once(../Upload.class.php) [<a href='function.include-once'>function.include-once</a>]: failed to open stream: No such file or directory E:\jnjusheng\Application\Common\Common\function.php 第 3 行.
NOTIC: [2] include_once() [<a href='function.include'>function.include</a>]: Failed opening '../Upload.class.php' for inclusion (include_path='.;C:\php\pear') E:\jnjusheng\Application\Common\Common\function.php 第 3 行.

[ 2017-10-26T09:18:53+08:00 ] ::1 /index.php/home
INFO: [ app_init ] --START--
INFO: Run Behavior\BuildLiteBehavior [ RunTime:0.000000s ]
INFO: [ app_init ] --END-- [ RunTime:0.001000s ]
NOTIC: [2] include_once(../Upload.class.php) [<a href='function.include-once'>function.include-once</a>]: failed to open stream: No such file or directory E:\jnjusheng\Application\Common\Common\function.php 第 3 行.
NOTIC: [2] include_once() [<a href='function.include'>function.include</a>]: Failed opening '../Upload.class.php' for inclusion (include_path='.;C:\php\pear') E:\jnjusheng\Application\Common\Common\function.php 第 3 行.

[ 2017-10-26T09:18:53+08:00 ] ::1 /index.php/home
INFO: [ app_init ] --START--
INFO: Run Behavior\BuildLiteBehavior [ RunTime:0.000000s ]
INFO: [ app_init ] --END-- [ RunTime:0.002000s ]
NOTIC: [2] include_once(../Upload.class.php) [<a href='function.include-once'>function.include-once</a>]: failed to open stream: No such file or directory E:\jnjusheng\Application\Common\Common\function.php 第 3 行.
NOTIC: [2] include_once() [<a href='function.include'>function.include</a>]: Failed opening '../Upload.class.php' for inclusion (include_path='.;C:\php\pear') E:\jnjusheng\Application\Common\Common\function.php 第 3 行.

[ 2017-10-26T09:18:53+08:00 ] ::1 /index.php/home
INFO: [ app_init ] --START--
INFO: Run Behavior\BuildLiteBehavior [ RunTime:0.000000s ]
INFO: [ app_init ] --END-- [ RunTime:0.000000s ]
NOTIC: [2] include_once(../Upload.class.php) [<a href='function.include-once'>function.include-once</a>]: failed to open stream: No such file or directory E:\jnjusheng\Application\Common\Common\function.php 第 3 行.
NOTIC: [2] include_once() [<a href='function.include'>function.include</a>]: Failed opening '../Upload.class.php' for inclusion (include_path='.;C:\php\pear') E:\jnjusheng\Application\Common\Common\function.php 第 3 行.

[ 2017-10-26T09:18:53+08:00 ] ::1 /index.php/home
INFO: [ app_init ] --START--
INFO: Run Behavior\BuildLiteBehavior [ RunTime:0.000000s ]
INFO: [ app_init ] --END-- [ RunTime:0.000000s ]
NOTIC: [2] include_once(../Upload.class.php) [<a href='function.include-once'>function.include-once</a>]: failed to open stream: No such file or directory E:\jnjusheng\Application\Common\Common\function.php 第 3 行.
NOTIC: [2] include_once() [<a href='function.include'>function.include</a>]: Failed opening '../Upload.class.php' for inclusion (include_path='.;C:\php\pear') E:\jnjusheng\Application\Common\Common\function.php 第 3 行.

[ 2017-10-26T09:18:54+08:00 ] ::1 /index.php/home
INFO: [ app_init ] --START--
INFO: Run Behavior\BuildLiteBehavior [ RunTime:0.001001s ]
INFO: [ app_init ] --END-- [ RunTime:0.001001s ]
NOTIC: [2] include_once(../Upload.class.php) [<a href='function.include-once'>function.include-once</a>]: failed to open stream: No such file or directory E:\jnjusheng\Application\Common\Common\function.php 第 3 行.
NOTIC: [2] include_once() [<a href='function.include'>function.include</a>]: Failed opening '../Upload.class.php' for inclusion (include_path='.;C:\php\pear') E:\jnjusheng\Application\Common\Common\function.php 第 3 行.

[ 2017-10-26T09:18:54+08:00 ] ::1 /index.php/home
INFO: [ app_init ] --START--
INFO: Run Behavior\BuildLiteBehavior [ RunTime:0.015600s ]
INFO: [ app_init ] --END-- [ RunTime:0.015600s ]
NOTIC: [2] include_once(../Upload.class.php) [<a href='function.include-once'>function.include-once</a>]: failed to open stream: No such file or directory E:\jnjusheng\Application\Common\Common\function.php 第 3 行.
NOTIC: [2] include_once() [<a href='function.include'>function.include</a>]: Failed opening '../Upload.class.php' for inclusion (include_path='.;C:\php\pear') E:\jnjusheng\Application\Common\Common\function.php 第 3 行.

[ 2017-10-26T09:18:54+08:00 ] ::1 /index.php/home
INFO: [ app_init ] --START--
INFO: Run Behavior\BuildLiteBehavior [ RunTime:0.000000s ]
INFO: [ app_init ] --END-- [ RunTime:0.002000s ]
NOTIC: [2] include_once(../Upload.class.php) [<a href='function.include-once'>function.include-once</a>]: failed to open stream: No such file or directory E:\jnjusheng\Application\Common\Common\function.php 第 3 行.
NOTIC: [2] include_once() [<a href='function.include'>function.include</a>]: Failed opening '../Upload.class.php' for inclusion (include_path='.;C:\php\pear') E:\jnjusheng\Application\Common\Common\function.php 第 3 行.

[ 2017-10-26T09:18:54+08:00 ] ::1 /index.php/home
INFO: [ app_init ] --START--
INFO: Run Behavior\BuildLiteBehavior [ RunTime:0.000000s ]
INFO: [ app_init ] --END-- [ RunTime:0.000000s ]
NOTIC: [2] include_once(../Upload.class.php) [<a href='function.include-once'>function.include-once</a>]: failed to open stream: No such file or directory E:\jnjusheng\Application\Common\Common\function.php 第 3 行.
NOTIC: [2] include_once() [<a href='function.include'>function.include</a>]: Failed opening '../Upload.class.php' for inclusion (include_path='.;C:\php\pear') E:\jnjusheng\Application\Common\Common\function.php 第 3 行.

[ 2017-10-26T09:18:54+08:00 ] ::1 /index.php/home
INFO: [ app_init ] --START--
INFO: Run Behavior\BuildLiteBehavior [ RunTime:0.000000s ]
INFO: [ app_init ] --END-- [ RunTime:0.000000s ]
NOTIC: [2] include_once(../Upload.class.php) [<a href='function.include-once'>function.include-once</a>]: failed to open stream: No such file or directory E:\jnjusheng\Application\Common\Common\function.php 第 3 行.
NOTIC: [2] include_once() [<a href='function.include'>function.include</a>]: Failed opening '../Upload.class.php' for inclusion (include_path='.;C:\php\pear') E:\jnjusheng\Application\Common\Common\function.php 第 3 行.

[ 2017-10-26T09:18:54+08:00 ] ::1 /index.php/home
INFO: [ app_init ] --START--
INFO: Run Behavior\BuildLiteBehavior [ RunTime:0.000000s ]
INFO: [ app_init ] --END-- [ RunTime:0.001000s ]
NOTIC: [2] include_once(../Upload.class.php) [<a href='function.include-once'>function.include-once</a>]: failed to open stream: No such file or directory E:\jnjusheng\Application\Common\Common\function.php 第 3 行.
NOTIC: [2] include_once() [<a href='function.include'>function.include</a>]: Failed opening '../Upload.class.php' for inclusion (include_path='.;C:\php\pear') E:\jnjusheng\Application\Common\Common\function.php 第 3 行.

[ 2017-10-26T09:18:55+08:00 ] ::1 /index.php/home
INFO: [ app_init ] --START--
INFO: Run Behavior\BuildLiteBehavior [ RunTime:0.001000s ]
INFO: [ app_init ] --END-- [ RunTime:0.001000s ]
NOTIC: [2] include_once(../Upload.class.php) [<a href='function.include-once'>function.include-once</a>]: failed to open stream: No such file or directory E:\jnjusheng\Application\Common\Common\function.php 第 3 行.
NOTIC: [2] include_once() [<a href='function.include'>function.include</a>]: Failed opening '../Upload.class.php' for inclusion (include_path='.;C:\php\pear') E:\jnjusheng\Application\Common\Common\function.php 第 3 行.

[ 2017-10-26T09:18:55+08:00 ] ::1 /index.php/home
INFO: [ app_init ] --START--
INFO: Run Behavior\BuildLiteBehavior [ RunTime:0.000000s ]
INFO: [ app_init ] --END-- [ RunTime:0.002000s ]
NOTIC: [2] include_once(../Upload.class.php) [<a href='function.include-once'>function.include-once</a>]: failed to open stream: No such file or directory E:\jnjusheng\Application\Common\Common\function.php 第 3 行.
NOTIC: [2] include_once() [<a href='function.include'>function.include</a>]: Failed opening '../Upload.class.php' for inclusion (include_path='.;C:\php\pear') E:\jnjusheng\Application\Common\Common\function.php 第 3 行.

[ 2017-10-26T09:18:55+08:00 ] ::1 /index.php/home
INFO: [ app_init ] --START--
INFO: Run Behavior\BuildLiteBehavior [ RunTime:0.000000s ]
INFO: [ app_init ] --END-- [ RunTime:0.002000s ]
NOTIC: [2] include_once(../Upload.class.php) [<a href='function.include-once'>function.include-once</a>]: failed to open stream: No such file or directory E:\jnjusheng\Application\Common\Common\function.php 第 3 行.
NOTIC: [2] include_once() [<a href='function.include'>function.include</a>]: Failed opening '../Upload.class.php' for inclusion (include_path='.;C:\php\pear') E:\jnjusheng\Application\Common\Common\function.php 第 3 行.

[ 2017-10-26T09:18:55+08:00 ] ::1 /index.php/home
INFO: [ app_init ] --START--
INFO: Run Behavior\BuildLiteBehavior [ RunTime:0.000000s ]
INFO: [ app_init ] --END-- [ RunTime:0.000000s ]
NOTIC: [2] include_once(../Upload.class.php) [<a href='function.include-once'>function.include-once</a>]: failed to open stream: No such file or directory E:\jnjusheng\Application\Common\Common\function.php 第 3 行.
NOTIC: [2] include_once() [<a href='function.include'>function.include</a>]: Failed opening '../Upload.class.php' for inclusion (include_path='.;C:\php\pear') E:\jnjusheng\Application\Common\Common\function.php 第 3 行.

[ 2017-10-26T09:18:55+08:00 ] ::1 /index.php/home
INFO: [ app_init ] --START--
INFO: Run Behavior\BuildLiteBehavior [ RunTime:0.000000s ]
INFO: [ app_init ] --END-- [ RunTime:0.000000s ]
NOTIC: [2] include_once(../Upload.class.php) [<a href='function.include-once'>function.include-once</a>]: failed to open stream: No such file or directory E:\jnjusheng\Application\Common\Common\function.php 第 3 行.
NOTIC: [2] include_once() [<a href='function.include'>function.include</a>]: Failed opening '../Upload.class.php' for inclusion (include_path='.;C:\php\pear') E:\jnjusheng\Application\Common\Common\function.php 第 3 行.

[ 2017-10-26T09:18:55+08:00 ] ::1 /index.php/home
INFO: [ app_init ] --START--
INFO: Run Behavior\BuildLiteBehavior [ RunTime:0.000000s ]
INFO: [ app_init ] --END-- [ RunTime:0.000000s ]
NOTIC: [2] include_once(../Upload.class.php) [<a href='function.include-once'>function.include-once</a>]: failed to open stream: No such file or directory E:\jnjusheng\Application\Common\Common\function.php 第 3 行.
NOTIC: [2] include_once() [<a href='function.include'>function.include</a>]: Failed opening '../Upload.class.php' for inclusion (include_path='.;C:\php\pear') E:\jnjusheng\Application\Common\Common\function.php 第 3 行.

[ 2017-10-26T09:18:55+08:00 ] ::1 /index.php/home
INFO: [ app_init ] --START--
INFO: Run Behavior\BuildLiteBehavior [ RunTime:0.000000s ]
INFO: [ app_init ] --END-- [ RunTime:0.002000s ]
NOTIC: [2] include_once(../Upload.class.php) [<a href='function.include-once'>function.include-once</a>]: failed to open stream: No such file or directory E:\jnjusheng\Application\Common\Common\function.php 第 3 行.
NOTIC: [2] include_once() [<a href='function.include'>function.include</a>]: Failed opening '../Upload.class.php' for inclusion (include_path='.;C:\php\pear') E:\jnjusheng\Application\Common\Common\function.php 第 3 行.

[ 2017-10-26T09:18:56+08:00 ] ::1 /index.php/home
INFO: [ app_init ] --START--
INFO: Run Behavior\BuildLiteBehavior [ RunTime:0.000000s ]
INFO: [ app_init ] --END-- [ RunTime:0.002000s ]
NOTIC: [2] include_once(../Upload.class.php) [<a href='function.include-once'>function.include-once</a>]: failed to open stream: No such file or directory E:\jnjusheng\Application\Common\Common\function.php 第 3 行.
NOTIC: [2] include_once() [<a href='function.include'>function.include</a>]: Failed opening '../Upload.class.php' for inclusion (include_path='.;C:\php\pear') E:\jnjusheng\Application\Common\Common\function.php 第 3 行.

[ 2017-10-26T09:20:37+08:00 ] ::1 /index.php/home
INFO: [ app_init ] --START--
INFO: Run Behavior\BuildLiteBehavior [ RunTime:0.000000s ]
INFO: [ app_init ] --END-- [ RunTime:0.002000s ]

[ 2017-10-26T09:20:38+08:00 ] ::1 /index.php/home
INFO: [ app_init ] --START--
INFO: Run Behavior\BuildLiteBehavior [ RunTime:0.001000s ]
INFO: [ app_init ] --END-- [ RunTime:0.002000s ]

